Started GET "/" for 127.0.0.1 at 2018-05-10 18:55:16 -0700
Processing by Rails::WelcomeController#index as HTML
  Rendering /home/thai/.rbenv/versions/2.5.1/lib/ruby/gems/2.5.0/gems/railties-5.2.0/lib/rails/templates/rails/welcome/index.html.erb
  Rendered /home/thai/.rbenv/versions/2.5.1/lib/ruby/gems/2.5.0/gems/railties-5.2.0/lib/rails/templates/rails/welcome/index.html.erb (34.5ms)
Completed 200 OK in 123ms (Views: 72.5ms | ActiveRecord: 0.0ms)


Started GET "/" for 127.0.0.1 at 2018-05-10 18:59:14 -0700
Processing by Rails::WelcomeController#index as HTML
  Rendering /home/thai/.rbenv/versions/2.5.1/lib/ruby/gems/2.5.0/gems/railties-5.2.0/lib/rails/templates/rails/welcome/index.html.erb
  Rendered /home/thai/.rbenv/versions/2.5.1/lib/ruby/gems/2.5.0/gems/railties-5.2.0/lib/rails/templates/rails/welcome/index.html.erb (12.0ms)
Completed 200 OK in 50ms (Views: 19.2ms | ActiveRecord: 0.0ms)


Started GET "/" for 127.0.0.1 at 2018-05-10 18:59:30 -0700
Processing by Rails::WelcomeController#index as HTML
  Rendering /home/thai/.rbenv/versions/2.5.1/lib/ruby/gems/2.5.0/gems/railties-5.2.0/lib/rails/templates/rails/welcome/index.html.erb
  Rendered /home/thai/.rbenv/versions/2.5.1/lib/ruby/gems/2.5.0/gems/railties-5.2.0/lib/rails/templates/rails/welcome/index.html.erb (19.4ms)
Completed 200 OK in 33ms (Views: 27.8ms | ActiveRecord: 0.0ms)


Started GET "/say" for 127.0.0.1 at 2018-05-10 18:59:46 -0700
  
ActionController::RoutingError (No route matches [GET] "/say"):
  
actionpack (5.2.0) lib/action_dispatch/middleware/debug_exceptions.rb:65:in `call'
web-console (3.6.2) lib/web_console/middleware.rb:135:in `call_app'
web-console (3.6.2) lib/web_console/middleware.rb:30:in `block in call'
web-console (3.6.2) lib/web_console/middleware.rb:20:in `catch'
web-console (3.6.2) lib/web_console/middleware.rb:20:in `call'
actionpack (5.2.0) lib/action_dispatch/middleware/show_exceptions.rb:33:in `call'
railties (5.2.0) lib/rails/rack/logger.rb:38:in `call_app'
railties (5.2.0) lib/rails/rack/logger.rb:26:in `block in call'
activesupport (5.2.0) lib/active_support/tagged_logging.rb:71:in `block in tagged'
activesupport (5.2.0) lib/active_support/tagged_logging.rb:28:in `tagged'
activesupport (5.2.0) lib/active_support/tagged_logging.rb:71:in `tagged'
railties (5.2.0) lib/rails/rack/logger.rb:26:in `call'
sprockets-rails (3.2.1) lib/sprockets/rails/quiet_assets.rb:13:in `call'
actionpack (5.2.0) lib/action_dispatch/middleware/remote_ip.rb:81:in `call'
actionpack (5.2.0) lib/action_dispatch/middleware/request_id.rb:27:in `call'
rack (2.0.5) lib/rack/method_override.rb:22:in `call'
rack (2.0.5) lib/rack/runtime.rb:22:in `call'
activesupport (5.2.0) lib/active_support/cache/strategy/local_cache_middleware.rb:29:in `call'
actionpack (5.2.0) lib/action_dispatch/middleware/executor.rb:14:in `call'
actionpack (5.2.0) lib/action_dispatch/middleware/static.rb:127:in `call'
rack (2.0.5) lib/rack/sendfile.rb:111:in `call'
railties (5.2.0) lib/rails/engine.rb:524:in `call'
puma (3.11.4) lib/puma/configuration.rb:225:in `call'
puma (3.11.4) lib/puma/server.rb:632:in `handle_request'
puma (3.11.4) lib/puma/server.rb:446:in `process_client'
puma (3.11.4) lib/puma/server.rb:306:in `block in run'
puma (3.11.4) lib/puma/thread_pool.rb:120:in `block in spawn_thread'
Started GET "/Say" for 127.0.0.1 at 2018-05-10 18:59:51 -0700
  
ActionController::RoutingError (No route matches [GET] "/Say"):
  
actionpack (5.2.0) lib/action_dispatch/middleware/debug_exceptions.rb:65:in `call'
web-console (3.6.2) lib/web_console/middleware.rb:135:in `call_app'
web-console (3.6.2) lib/web_console/middleware.rb:30:in `block in call'
web-console (3.6.2) lib/web_console/middleware.rb:20:in `catch'
web-console (3.6.2) lib/web_console/middleware.rb:20:in `call'
actionpack (5.2.0) lib/action_dispatch/middleware/show_exceptions.rb:33:in `call'
railties (5.2.0) lib/rails/rack/logger.rb:38:in `call_app'
railties (5.2.0) lib/rails/rack/logger.rb:26:in `block in call'
activesupport (5.2.0) lib/active_support/tagged_logging.rb:71:in `block in tagged'
activesupport (5.2.0) lib/active_support/tagged_logging.rb:28:in `tagged'
activesupport (5.2.0) lib/active_support/tagged_logging.rb:71:in `tagged'
railties (5.2.0) lib/rails/rack/logger.rb:26:in `call'
sprockets-rails (3.2.1) lib/sprockets/rails/quiet_assets.rb:13:in `call'
actionpack (5.2.0) lib/action_dispatch/middleware/remote_ip.rb:81:in `call'
actionpack (5.2.0) lib/action_dispatch/middleware/request_id.rb:27:in `call'
rack (2.0.5) lib/rack/method_override.rb:22:in `call'
rack (2.0.5) lib/rack/runtime.rb:22:in `call'
activesupport (5.2.0) lib/active_support/cache/strategy/local_cache_middleware.rb:29:in `call'
actionpack (5.2.0) lib/action_dispatch/middleware/executor.rb:14:in `call'
actionpack (5.2.0) lib/action_dispatch/middleware/static.rb:127:in `call'
rack (2.0.5) lib/rack/sendfile.rb:111:in `call'
railties (5.2.0) lib/rails/engine.rb:524:in `call'
puma (3.11.4) lib/puma/configuration.rb:225:in `call'
puma (3.11.4) lib/puma/server.rb:632:in `handle_request'
puma (3.11.4) lib/puma/server.rb:446:in `process_client'
puma (3.11.4) lib/puma/server.rb:306:in `block in run'
puma (3.11.4) lib/puma/thread_pool.rb:120:in `block in spawn_thread'
Started GET "/Say/hello" for 127.0.0.1 at 2018-05-10 18:59:56 -0700
  
ActionController::RoutingError (No route matches [GET] "/Say/hello"):
  
actionpack (5.2.0) lib/action_dispatch/middleware/debug_exceptions.rb:65:in `call'
web-console (3.6.2) lib/web_console/middleware.rb:135:in `call_app'
web-console (3.6.2) lib/web_console/middleware.rb:30:in `block in call'
web-console (3.6.2) lib/web_console/middleware.rb:20:in `catch'
web-console (3.6.2) lib/web_console/middleware.rb:20:in `call'
actionpack (5.2.0) lib/action_dispatch/middleware/show_exceptions.rb:33:in `call'
railties (5.2.0) lib/rails/rack/logger.rb:38:in `call_app'
railties (5.2.0) lib/rails/rack/logger.rb:26:in `block in call'
activesupport (5.2.0) lib/active_support/tagged_logging.rb:71:in `block in tagged'
activesupport (5.2.0) lib/active_support/tagged_logging.rb:28:in `tagged'
activesupport (5.2.0) lib/active_support/tagged_logging.rb:71:in `tagged'
railties (5.2.0) lib/rails/rack/logger.rb:26:in `call'
sprockets-rails (3.2.1) lib/sprockets/rails/quiet_assets.rb:13:in `call'
actionpack (5.2.0) lib/action_dispatch/middleware/remote_ip.rb:81:in `call'
actionpack (5.2.0) lib/action_dispatch/middleware/request_id.rb:27:in `call'
rack (2.0.5) lib/rack/method_override.rb:22:in `call'
rack (2.0.5) lib/rack/runtime.rb:22:in `call'
activesupport (5.2.0) lib/active_support/cache/strategy/local_cache_middleware.rb:29:in `call'
actionpack (5.2.0) lib/action_dispatch/middleware/executor.rb:14:in `call'
actionpack (5.2.0) lib/action_dispatch/middleware/static.rb:127:in `call'
rack (2.0.5) lib/rack/sendfile.rb:111:in `call'
railties (5.2.0) lib/rails/engine.rb:524:in `call'
puma (3.11.4) lib/puma/configuration.rb:225:in `call'
puma (3.11.4) lib/puma/server.rb:632:in `handle_request'
puma (3.11.4) lib/puma/server.rb:446:in `process_client'
puma (3.11.4) lib/puma/server.rb:306:in `block in run'
puma (3.11.4) lib/puma/thread_pool.rb:120:in `block in spawn_thread'
Started GET "/say/hello" for 127.0.0.1 at 2018-05-10 19:00:03 -0700
Processing by SayController#hello as HTML
  Rendering say/hello.html.erb within layouts/application
  Rendered say/hello.html.erb within layouts/application (0.9ms)
Completed 200 OK in 3755ms (Views: 3740.0ms | ActiveRecord: 0.0ms)


Started GET "/say/goodbye" for 127.0.0.1 at 2018-05-10 19:00:14 -0700
Processing by SayController#goodbye as HTML
  Rendering say/goodbye.html.erb within layouts/application
  Rendered say/goodbye.html.erb within layouts/application (0.5ms)
Completed 200 OK in 146ms (Views: 109.1ms | ActiveRecord: 0.0ms)


Started GET "/say/hello" for 127.0.0.1 at 2018-05-10 19:01:44 -0700
Processing by SayController#hello as HTML
  Rendering say/hello.html.erb within layouts/application
  Rendered say/hello.html.erb within layouts/application (0.7ms)
Completed 200 OK in 162ms (Views: 154.4ms | ActiveRecord: 0.0ms)


Started GET "/say/hello" for 127.0.0.1 at 2018-05-10 19:01:50 -0700
Processing by SayController#hello as HTML
  Rendering say/hello.html.erb within layouts/application
  Rendered say/hello.html.erb within layouts/application (0.6ms)
Completed 200 OK in 100ms (Views: 94.7ms | ActiveRecord: 0.0ms)


Started GET "/say/hello" for 127.0.0.1 at 2018-05-10 19:02:41 -0700
Processing by SayController#hello as HTML
  Rendering say/hello.html.erb within layouts/application
  Rendered say/hello.html.erb within layouts/application (0.6ms)
Completed 200 OK in 153ms (Views: 149.3ms | ActiveRecord: 0.0ms)


Started GET "/say/hello" for 127.0.0.1 at 2018-05-11 09:04:51 +0700
Processing by SayController#hello as HTML
  Rendering say/hello.html.erb within layouts/application
  Rendered say/hello.html.erb within layouts/application (1.0ms)
Completed 200 OK in 392ms (Views: 379.7ms | ActiveRecord: 0.0ms)


Started GET "/say/hello" for 127.0.0.1 at 2018-05-11 09:06:09 +0700
Processing by SayController#hello as HTML
  Rendering say/hello.html.erb within layouts/application
  Rendered say/hello.html.erb within layouts/application (0.5ms)
Completed 200 OK in 61ms (Views: 59.4ms | ActiveRecord: 0.0ms)


Started GET "/say/hello" for 127.0.0.1 at 2018-05-11 09:06:58 +0700
Processing by SayController#hello as HTML
  Rendering say/hello.html.erb within layouts/application
  Rendered say/hello.html.erb within layouts/application (0.8ms)
Completed 200 OK in 78ms (Views: 75.9ms | ActiveRecord: 0.0ms)


Started GET "/say/hello" for 127.0.0.1 at 2018-05-11 09:10:09 +0700
Processing by SayController#hello as HTML
  Rendering say/hello.html.erb within layouts/application
  Rendered say/hello.html.erb within layouts/application (0.9ms)
Completed 200 OK in 66ms (Views: 63.0ms | ActiveRecord: 0.0ms)


Started GET "/say/hello" for 127.0.0.1 at 2018-05-11 09:10:21 +0700
Processing by SayController#hello as HTML
  Rendering say/hello.html.erb within layouts/application
  Rendered say/hello.html.erb within layouts/application (0.7ms)
Completed 200 OK in 71ms (Views: 68.0ms | ActiveRecord: 0.0ms)


Started GET "/say/hello" for 127.0.0.1 at 2018-05-11 09:14:39 +0700
Processing by SayController#hello as HTML
  Rendering say/hello.html.erb within layouts/application
  Rendered say/hello.html.erb within layouts/application (1.4ms)
Completed 200 OK in 62ms (Views: 59.4ms | ActiveRecord: 0.0ms)


Started GET "/say/hello" for 127.0.0.1 at 2018-05-11 09:28:41 +0700
Processing by SayController#hello as HTML
  Rendering say/hello.html.erb within layouts/application
  Rendered say/hello.html.erb within layouts/application (1.0ms)
Completed 200 OK in 173ms (Views: 168.8ms | ActiveRecord: 0.0ms)


Started GET "/say/hello" for 127.0.0.1 at 2018-05-11 09:28:48 +0700
Processing by SayController#hello as HTML
  Rendering say/hello.html.erb within layouts/application
  Rendered say/hello.html.erb within layouts/application (6.1ms)
Completed 200 OK in 170ms (Views: 154.4ms | ActiveRecord: 0.0ms)


Started GET "/craw/news" for 127.0.0.1 at 2018-05-11 10:11:49 +0700
Processing by CrawController#news as HTML
  Rendering craw/news.html.erb within layouts/application
  Rendered craw/news.html.erb within layouts/application (1.2ms)
Completed 200 OK in 481ms (Views: 473.8ms | ActiveRecord: 0.0ms)


Started GET "/craw/news" for 127.0.0.1 at 2018-05-11 10:12:50 +0700
Processing by CrawController#news as HTML
  Rendering craw/news.html.erb within layouts/application
  Rendered craw/news.html.erb within layouts/application (1.3ms)
Completed 200 OK in 200ms (Views: 197.7ms | ActiveRecord: 0.0ms)


